#
# There is insufficient memory for the Java Runtime Environment to continue.
# Native memory allocation (malloc) failed to allocate 1211696 bytes for Chunk::new
# Possible reasons:
#   The system is out of physical RAM or swap space
#   The process is running with CompressedOops enabled, and the Java Heap may be blocking the growth of the native heap
# Possible solutions:
#   Reduce memory load on the system
#   Increase physical memory or swap space
#   Check if swap backing store is full
#   Decrease Java heap size (-Xmx/-Xms)
#   Decrease number of Java threads
#   Decrease Java thread stack sizes (-Xss)
#   Set larger code cache with -XX:ReservedCodeCacheSize=
#   JVM is running with Unscaled Compressed Oops mode in which the Java heap is
#     placed in the first 4GB address space. The Java Heap base address is the
#     maximum limit for the native heap growth. Please use -XX:HeapBaseMinAddress
#     to set the Java Heap base and to place the Java Heap above 4GB virtual address.
# This output file may be truncated or incomplete.
#
#  Out of Memory Error (allocation.cpp:389), pid=13808, tid=0x000000000000361c
#
# JRE version: OpenJDK Runtime Environment (8.0_202-b03) (build 1.8.0_202-release-1483-b03)
# Java VM: OpenJDK 64-Bit Server VM (25.202-b03 mixed mode windows-amd64 compressed oops)
# Failed to write core dump. Minidumps are not enabled by default on client versions of Windows
#

---------------  T H R E A D  ---------------

Current thread (0x0000000018c66800):  JavaThread "C2 CompilerThread1" daemon [_thread_in_native, id=13852, stack(0x000000001a3d0000,0x000000001a4d0000)]

Stack: [0x000000001a3d0000,0x000000001a4d0000]
[error occurred during error reporting (printing stack bounds), id 0xc0000005]

Native frames: (J=compiled Java code, j=interpreted, Vv=VM code, C=native code)


Current CompileTask:
C2:3766163 11072       4       org.gradle.internal.operations.DefaultBuildOperationExecutor::execute (111 bytes)


---------------  P R O C E S S  ---------------

Java Threads: ( => current thread )
  0x000000001c4e2000 JavaThread "Cache worker for execution history cache (D:\Nitip\Push Dari Master\111\18app\.gradle\5.4.1\executionHistory)" [_thread_blocked, id=1216, stack(0x00000000288c0000,0x00000000289c0000)]
  0x000000001c4e0800 JavaThread "Execution worker for ':' Thread 11" [_thread_blocked, id=10192, stack(0x0000000028500000,0x0000000028600000)]
  0x000000001c4db000 JavaThread "Execution worker for ':' Thread 10" [_thread_blocked, id=10528, stack(0x0000000028400000,0x0000000028500000)]
  0x000000001c4df800 JavaThread "Execution worker for ':' Thread 9" [_thread_blocked, id=14360, stack(0x0000000028300000,0x0000000028400000)]
  0x000000001c4de800 JavaThread "Execution worker for ':' Thread 8" [_thread_blocked, id=15924, stack(0x0000000028200000,0x0000000028300000)]
  0x000000001c4de000 JavaThread "Execution worker for ':' Thread 7" [_thread_blocked, id=10524, stack(0x0000000027e00000,0x0000000027f00000)]
  0x000000001c4e1000 JavaThread "Execution worker for ':' Thread 6" [_thread_blocked, id=2392, stack(0x0000000027d00000,0x0000000027e00000)]
  0x000000001c4dd000 JavaThread "Execution worker for ':' Thread 5" [_thread_blocked, id=13420, stack(0x0000000027c00000,0x0000000027d00000)]
  0x000000001c4dc800 JavaThread "Execution worker for ':' Thread 4" [_thread_blocked, id=17428, stack(0x0000000027b00000,0x0000000027c00000)]
  0x000000001c4db800 JavaThread "Execution worker for ':' Thread 3" [_thread_blocked, id=17964, stack(0x0000000027a00000,0x0000000027b00000)]
  0x000000001c4d5800 JavaThread "Execution worker for ':' Thread 2" [_thread_blocked, id=18280, stack(0x0000000026900000,0x0000000026a00000)]
  0x000000001c4da000 JavaThread "Execution worker for ':'" [_thread_blocked, id=10496, stack(0x0000000026800000,0x0000000026900000)]
  0x000000001c4d4000 JavaThread "Cache worker for file content cache (D:\Nitip\Push Dari Master\111\18app\.gradle\5.4.1\fileContent)" [_thread_blocked, id=18016, stack(0x0000000025130000,0x0000000025230000)]
  0x000000001c4d9800 JavaThread "Cache worker for file content cache (C:\Users\Prayogi21\.gradle\caches\5.4.1\fileContent)" [_thread_blocked, id=10604, stack(0x0000000024a30000,0x0000000024b30000)]
  0x000000001c4d7000 JavaThread "Cache worker for Build Output Cleanup Cache (D:\Nitip\Push Dari Master\111\18app\.gradle\buildOutputCleanup)" [_thread_blocked, id=6848, stack(0x0000000024930000,0x0000000024a30000)]
  0x000000001c4d8000 JavaThread "Build operations Thread 12" [_thread_blocked, id=9112, stack(0x0000000024830000,0x0000000024930000)]
  0x000000001c4d5000 JavaThread "Build operations Thread 11" [_thread_blocked, id=1072, stack(0x0000000024730000,0x0000000024830000)]
  0x000000001c4d6800 JavaThread "Build operations Thread 10" [_thread_blocked, id=16344, stack(0x0000000024630000,0x0000000024730000)]
  0x000000001b015000 JavaThread "Build operations Thread 9" [_thread_blocked, id=12140, stack(0x0000000024530000,0x0000000024630000)]
  0x000000001b01b000 JavaThread "Build operations Thread 8" [_thread_blocked, id=15492, stack(0x0000000024430000,0x0000000024530000)]
  0x000000001fce1800 JavaThread "Build operations Thread 7" [_thread_blocked, id=13608, stack(0x0000000024330000,0x0000000024430000)]
  0x000000001fce7800 JavaThread "Build operations Thread 6" [_thread_blocked, id=15528, stack(0x0000000024230000,0x0000000024330000)]
  0x000000001fce7000 JavaThread "Build operations Thread 5" [_thread_blocked, id=10448, stack(0x0000000024130000,0x0000000024230000)]
  0x000000001fce3000 JavaThread "Build operations Thread 4" [_thread_blocked, id=7268, stack(0x0000000023d90000,0x0000000023e90000)]
  0x000000001fce1000 JavaThread "Build operations Thread 3" [_thread_blocked, id=10552, stack(0x0000000023c90000,0x0000000023d90000)]
  0x000000001fcdf000 JavaThread "Build operations Thread 2" [_thread_blocked, id=15496, stack(0x0000000020f90000,0x0000000021090000)]
  0x000000001fce2800 JavaThread "Build operations" [_thread_blocked, id=15256, stack(0x0000000020e90000,0x0000000020f90000)]
  0x000000001fce6000 JavaThread "Cache worker for cache directory md-rule (C:\Users\Prayogi21\.gradle\caches\5.4.1\md-rule)" [_thread_blocked, id=8900, stack(0x0000000020d90000,0x0000000020e90000)]
  0x000000001fce0000 JavaThread "Cache worker for cache directory md-supplier (C:\Users\Prayogi21\.gradle\caches\5.4.1\md-supplier)" [_thread_blocked, id=17648, stack(0x0000000020c90000,0x0000000020d90000)]
  0x000000001fcdd000 JavaThread "Cache worker for file hash cache (D:\Nitip\Push Dari Master\111\18app\.gradle\5.4.1\fileHashes)" [_thread_in_native, id=6688, stack(0x000000001e2f0000,0x000000001e3f0000)]
  0x000000001fcda000 JavaThread "Thread-48" [_thread_blocked, id=14952, stack(0x000000001dff0000,0x000000001e0f0000)]
  0x000000001fcd8800 JavaThread "Stdin handler" [_thread_blocked, id=16624, stack(0x000000001ddf0000,0x000000001def0000)]
  0x000000001fcdd800 JavaThread "Asynchronous log dispatcher for DefaultDaemonConnection: socket connection from /127.0.0.1:50295 to /127.0.0.1:50318" [_thread_blocked, id=17980, stack(0x000000001daf0000,0x000000001dbf0000)]
  0x000000001fcde800 JavaThread "Daemon worker Thread 2" [_thread_blocked, id=18704, stack(0x000000001d9f0000,0x000000001daf0000)]
  0x000000001fcdc000 JavaThread "Cancel handler" [_thread_blocked, id=15116, stack(0x0000000001780000,0x0000000001880000)]
  0x000000001fcd9000 JavaThread "Handler for socket connection from /127.0.0.1:50295 to /127.0.0.1:50318" [_thread_in_native, id=17904, stack(0x0000000001610000,0x0000000001710000)]
  0x000000001fcda800 JavaThread "Daemon Thread 2" [_thread_blocked, id=2940, stack(0x0000000001510000,0x0000000001610000)]
  0x000000001fce4800 JavaThread "Memory manager" [_thread_blocked, id=3632, stack(0x0000000025430000,0x0000000025530000)]
  0x000000001fcdb800 JavaThread "Cache worker for execution history cache (C:\Users\Prayogi21\.gradle\caches\5.4.1\executionHistory)" [_thread_blocked, id=9272, stack(0x0000000023b90000,0x0000000023c90000)]
  0x000000001b01a000 JavaThread "Cache worker for journal cache (C:\Users\Prayogi21\.gradle\caches\journal-1)" [_thread_blocked, id=14284, stack(0x000000001e5f0000,0x000000001e6f0000)]
  0x000000001b016800 JavaThread "File lock request listener" [_thread_in_native, id=11340, stack(0x000000001e4f0000,0x000000001e5f0000)]
  0x000000001b018000 JavaThread "Cache worker for file hash cache (C:\Users\Prayogi21\.gradle\caches\5.4.1\fileHashes)" [_thread_blocked, id=13960, stack(0x000000001e3f0000,0x000000001e4f0000)]
  0x000000001c00d800 JavaThread "Daemon periodic checks" [_thread_blocked, id=4000, stack(0x000000001d8f0000,0x000000001d9f0000)]
  0x000000001c011800 JavaThread "Incoming local TCP Connector on port 50295" [_thread_in_native, id=3084, stack(0x000000001d6b0000,0x000000001d7b0000)]
  0x000000001bb1a800 JavaThread "Daemon health stats" [_thread_blocked, id=16060, stack(0x000000001d070000,0x000000001d170000)]
  0x0000000018cf4000 JavaThread "Service Thread" daemon [_thread_blocked, id=1896, stack(0x000000001a6d0000,0x000000001a7d0000)]
  0x0000000018c70800 JavaThread "C1 CompilerThread3" daemon [_thread_blocked, id=7404, stack(0x000000001a5d0000,0x000000001a6d0000)]
  0x0000000018c6f000 JavaThread "C2 CompilerThread2" daemon [_thread_in_native, id=11856, stack(0x000000001a4d0000,0x000000001a5d0000)]
=>0x0000000018c66800 JavaThread "C2 CompilerThread1" daemon [_thread_in_native, id=13852, stack(0x000000001a3d0000,0x000000001a4d0000)]
  0x0000000018c5d800 JavaThread "C2 CompilerThread0" daemon [_thread_blocked, id=16560, stack(0x000000001a2d0000,0x000000001a3d0000)]
  0x0000000018c5c800 JavaThread "Attach Listener" daemon [_thread_blocked, id=3160, stack(0x000000001a1d0000,0x000000001a2d0000)]
  0x0000000018c5b800 JavaThread "Signal Dispatcher" daemon [_thread_blocked, id=14620, stack(0x000000001a0d0000,0x000000001a1d0000)]
  0x00000000035ba000 JavaThread "Finalizer" daemon [_thread_blocked, id=6820, stack(0x0000000019ed0000,0x0000000019fd0000)]
  0x000000001757c800 JavaThread "Reference Handler" daemon [_thread_blocked, id=4976, stack(0x0000000019dd0000,0x0000000019ed0000)]
  0x00000000034be800 JavaThread "main" [_thread_blocked, id=7420, stack(0x00000000032d0000,0x00000000033d0000)]

Other Threads:
  0x0000000017575800 VMThread [stack: 0x0000000019cd0000,0x0000000019dd0000] [id=15800]
  0x0000000018cf4800 WatcherThread [stack: 0x000000001a7d0000,0x000000001a8d0000] [id=13408]

VM state:not at safepoint (normal execution)

VM Mutex/Monitor currently owned by a thread: None

heap address: 0x00000000a0000000, size: 1536 MB, Compressed Oops mode: 32-bit
Narrow klass base: 0x0000000000000000, Narrow klass shift: 3
Compressed class space size: 1073741824 Address: 0x0000000100000000

Heap:
 PSYoungGen      total 164352K, used 48935K [0x00000000e0000000, 0x00000000ed700000, 0x0000000100000000)
  eden space 161280K, 28% used [0x00000000e0000000,0x00000000e2cc9f28,0x00000000e9d80000)
  from space 3072K, 100% used [0x00000000ed400000,0x00000000ed700000,0x00000000ed700000)
  to   space 20480K, 0% used [0x00000000ec000000,0x00000000ec000000,0x00000000ed400000)
 ParOldGen       total 139776K, used 70669K [0x00000000a0000000, 0x00000000a8880000, 0x00000000e0000000)
  object space 139776K, 50% used [0x00000000a0000000,0x00000000a4503440,0x00000000a8880000)
 Metaspace       used 69800K, capacity 72374K, committed 72468K, reserved 1112064K
  class space    used 9149K, capacity 9727K, committed 9788K, reserved 1048576K

Card table byte_map: [0x0000000012980000,0x0000000012c90000] byte_map_base: 0x0000000012480000

Marking Bits: (ParMarkBitMap*) 0x0000000055629f30
 Begin Bits: [0x0000000013890000, 0x0000000015090000)
 End Bits:   [0x0000000015090000, 0x0000000016890000)

Polling page: 0x00000000013d0000

CodeCache: size=245760Kb used=31225Kb max_used=31246Kb free=214534Kb
 bounds [0x00000000035c0000, 0x00000000054a0000, 0x00000000125c0000]
 total_blobs=10342 nmethods=9539 adapters=716
 compilation: enabled

Compilation events (10 events):
Event: 3765.776 Thread 0x0000000018c70800 nmethod 11105 0x0000000004ab6650 code [0x0000000004ab6a60, 0x0000000004ab9e38]
Event: 3765.776 Thread 0x0000000018c70800 11106       3       java.lang.Math::abs (13 bytes)
Event: 3765.777 Thread 0x0000000018c70800 nmethod 11106 0x00000000049dde50 code [0x00000000049ddfa0, 0x00000000049de150]
Event: 3765.777 Thread 0x0000000018c70800 11107       3       org.gradle.api.internal.tasks.properties.FileParameterUtils::determineNormalizerForPathSensitivity (79 bytes)
Event: 3765.777 Thread 0x0000000018c70800 nmethod 11107 0x0000000004035590 code [0x00000000040357a0, 0x00000000040362d8]
Event: 3765.915 Thread 0x0000000018c5d800 nmethod 11047 0x000000000547ed90 code [0x000000000547f520, 0x0000000005487070]
Event: 3765.916 Thread 0x0000000018c5d800 11110   !   4       com.google.common.collect.MapMakerInternalMap$Segment::runLockedCleanup (34 bytes)
Event: 3765.982 Thread 0x0000000018c5d800 nmethod 11110 0x000000000547a250 code [0x000000000547a500, 0x000000000547c568]
Event: 3765.982 Thread 0x0000000018c5d800 11108       4       java.io.ObjectStreamClass$FieldReflector::getPrimFieldValues (317 bytes)
Event: 3765.989 Thread 0x0000000018c5d800 nmethod 11108 0x0000000004ac2190 code [0x0000000004ac2440, 0x0000000004ac28d0]

GC Heap History (10 events):
Event: 17.750 GC heap before
{Heap before GC invocations=15 (full 3):
 PSYoungGen      total 190464K, used 6654K [0x00000000e0000000, 0x00000000edb80000, 0x0000000100000000)
  eden space 171520K, 0% used [0x00000000e0000000,0x00000000e0000000,0x00000000ea780000)
  from space 18944K, 35% used [0x00000000eb980000,0x00000000ebfffb60,0x00000000ecc00000)
  to   space 18432K, 0% used [0x00000000ea780000,0x00000000ea780000,0x00000000eb980000)
 ParOldGen       total 89600K, used 36214K [0x00000000a0000000, 0x00000000a5780000, 0x00000000e0000000)
  object space 89600K, 40% used [0x00000000a0000000,0x00000000a235d950,0x00000000a5780000)
 Metaspace       used 57321K, capacity 58926K, committed 59028K, reserved 1099776K
  class space    used 7684K, capacity 8067K, committed 8124K, reserved 1048576K
Event: 18.043 GC heap after
Heap after GC invocations=15 (full 3):
 PSYoungGen      total 190464K, used 0K [0x00000000e0000000, 0x00000000edb80000, 0x0000000100000000)
  eden space 171520K, 0% used [0x00000000e0000000,0x00000000e0000000,0x00000000ea780000)
  from space 18944K, 0% used [0x00000000eb980000,0x00000000eb980000,0x00000000ecc00000)
  to   space 18432K, 0% used [0x00000000ea780000,0x00000000ea780000,0x00000000eb980000)
 ParOldGen       total 139776K, used 36801K [0x00000000a0000000, 0x00000000a8880000, 0x00000000e0000000)
  object space 139776K, 26% used [0x00000000a0000000,0x00000000a23f07e0,0x00000000a8880000)
 Metaspace       used 57321K, capacity 58926K, committed 59028K, reserved 1099776K
  class space    used 7684K, capacity 8067K, committed 8124K, reserved 1048576K
}
Event: 20.616 GC heap before
{Heap before GC invocations=16 (full 3):
 PSYoungGen      total 190464K, used 171520K [0x00000000e0000000, 0x00000000edb80000, 0x0000000100000000)
  eden space 171520K, 100% used [0x00000000e0000000,0x00000000ea780000,0x00000000ea780000)
  from space 18944K, 0% used [0x00000000eb980000,0x00000000eb980000,0x00000000ecc00000)
  to   space 18432K, 0% used [0x00000000ea780000,0x00000000ea780000,0x00000000eb980000)
 ParOldGen       total 139776K, used 36801K [0x00000000a0000000, 0x00000000a8880000, 0x00000000e0000000)
  object space 139776K, 26% used [0x00000000a0000000,0x00000000a23f07e0,0x00000000a8880000)
 Metaspace       used 62307K, capacity 64602K, committed 64788K, reserved 1105920K
  class space    used 8416K, capacity 8923K, committed 9020K, reserved 1048576K
Event: 20.629 GC heap after
Heap after GC invocations=16 (full 3):
 PSYoungGen      total 189952K, used 10967K [0x00000000e0000000, 0x00000000ee880000, 0x0000000100000000)
  eden space 171520K, 0% used [0x00000000e0000000,0x00000000e0000000,0x00000000ea780000)
  from space 18432K, 59% used [0x00000000ea780000,0x00000000eb235eb0,0x00000000eb980000)
  to   space 18432K, 0% used [0x00000000ed680000,0x00000000ed680000,0x00000000ee880000)
 ParOldGen       total 139776K, used 36809K [0x00000000a0000000, 0x00000000a8880000, 0x00000000e0000000)
  object space 139776K, 26% used [0x00000000a0000000,0x00000000a23f27e0,0x00000000a8880000)
 Metaspace       used 62307K, capacity 64602K, committed 64788K, reserved 1105920K
  class space    used 8416K, capacity 8923K, committed 9020K, reserved 1048576K
}
Event: 3753.524 GC heap before
{Heap before GC invocations=17 (full 3):
 PSYoungGen      total 189952K, used 182487K [0x00000000e0000000, 0x00000000ee880000, 0x0000000100000000)
  eden space 171520K, 100% used [0x00000000e0000000,0x00000000ea780000,0x00000000ea780000)
  from space 18432K, 59% used [0x00000000ea780000,0x00000000eb235eb0,0x00000000eb980000)
  to   space 18432K, 0% used [0x00000000ed680000,0x00000000ed680000,0x00000000ee880000)
 ParOldGen       total 139776K, used 36809K [0x00000000a0000000, 0x00000000a8880000, 0x00000000e0000000)
  object space 139776K, 26% used [0x00000000a0000000,0x00000000a23f27e0,0x00000000a8880000)
 Metaspace       used 66362K, capacity 68790K, committed 68884K, reserved 1110016K
  class space    used 8689K, capacity 9243K, committed 9276K, reserved 1048576K
Event: 3753.677 GC heap after
Heap after GC invocations=17 (full 3):
 PSYoungGen      total 184320K, used 17685K [0x00000000e0000000, 0x00000000ee800000, 0x0000000100000000)
  eden space 166400K, 0% used [0x00000000e0000000,0x00000000e0000000,0x00000000ea280000)
  from space 17920K, 98% used [0x00000000ed680000,0x00000000ee7c57a0,0x00000000ee800000)
  to   space 20480K, 0% used [0x00000000ec000000,0x00000000ec000000,0x00000000ed400000)
 ParOldGen       total 139776K, used 36817K [0x00000000a0000000, 0x00000000a8880000, 0x00000000e0000000)
  object space 139776K, 26% used [0x00000000a0000000,0x00000000a23f47e0,0x00000000a8880000)
 Metaspace       used 66362K, capacity 68790K, committed 68884K, reserved 1110016K
  class space    used 8689K, capacity 9243K, committed 9276K, reserved 1048576K
}
Event: 3759.753 GC heap before
{Heap before GC invocations=18 (full 3):
 PSYoungGen      total 184320K, used 184085K [0x00000000e0000000, 0x00000000ee800000, 0x0000000100000000)
  eden space 166400K, 100% used [0x00000000e0000000,0x00000000ea280000,0x00000000ea280000)
  from space 17920K, 98% used [0x00000000ed680000,0x00000000ee7c57a0,0x00000000ee800000)
  to   space 20480K, 0% used [0x00000000ec000000,0x00000000ec000000,0x00000000ed400000)
 ParOldGen       total 139776K, used 36817K [0x00000000a0000000, 0x00000000a8880000, 0x00000000e0000000)
  object space 139776K, 26% used [0x00000000a0000000,0x00000000a23f47e0,0x00000000a8880000)
 Metaspace       used 67870K, capacity 70444K, committed 70676K, reserved 1110016K
  class space    used 8875K, capacity 9432K, committed 9532K, reserved 1048576K
Event: 3759.844 GC heap after
Heap after GC invocations=18 (full 3):
 PSYoungGen      total 181760K, used 20461K [0x00000000e0000000, 0x00000000ed700000, 0x0000000100000000)
  eden space 161280K, 0% used [0x00000000e0000000,0x00000000e0000000,0x00000000e9d80000)
  from space 20480K, 99% used [0x00000000ec000000,0x00000000ed3fb6d0,0x00000000ed400000)
  to   space 3072K, 0% used [0x00000000ed400000,0x00000000ed400000,0x00000000ed700000)
 ParOldGen       total 139776K, used 42894K [0x00000000a0000000, 0x00000000a8880000, 0x00000000e0000000)
  object space 139776K, 30% used [0x00000000a0000000,0x00000000a29e3a80,0x00000000a8880000)
 Metaspace       used 67870K, capacity 70444K, committed 70676K, reserved 1110016K
  class space    used 8875K, capacity 9432K, committed 9532K, reserved 1048576K
}
Event: 3765.263 GC heap before
{Heap before GC invocations=19 (full 3):
 PSYoungGen      total 181760K, used 181741K [0x00000000e0000000, 0x00000000ed700000, 0x0000000100000000)
  eden space 161280K, 100% used [0x00000000e0000000,0x00000000e9d80000,0x00000000e9d80000)
  from space 20480K, 99% used [0x00000000ec000000,0x00000000ed3fb6d0,0x00000000ed400000)
  to   space 3072K, 0% used [0x00000000ed400000,0x00000000ed400000,0x00000000ed700000)
 ParOldGen       total 139776K, used 42894K [0x00000000a0000000, 0x00000000a8880000, 0x00000000e0000000)
  object space 139776K, 30% used [0x00000000a0000000,0x00000000a29e3a80,0x00000000a8880000)
 Metaspace       used 69740K, capacity 72342K, committed 72468K, reserved 1112064K
  class space    used 9133K, capacity 9695K, committed 9788K, reserved 1048576K
Event: 3765.350 GC heap after
Heap after GC invocations=19 (full 3):
 PSYoungGen      total 164352K, used 3072K [0x00000000e0000000, 0x00000000ed700000, 0x0000000100000000)
  eden space 161280K, 0% used [0x00000000e0000000,0x00000000e0000000,0x00000000e9d80000)
  from space 3072K, 100% used [0x00000000ed400000,0x00000000ed700000,0x00000000ed700000)
  to   space 20480K, 0% used [0x00000000ec000000,0x00000000ec000000,0x00000000ed400000)
 ParOldGen       total 139776K, used 70669K [0x00000000a0000000, 0x00000000a8880000, 0x00000000e0000000)
  object space 139776K, 50% used [0x00000000a0000000,0x00000000a4503440,0x00000000a8880000)
 Metaspace       used 69740K, capacity 72342K, committed 72468K, reserved 1112064K
  class space    used 9133K, capacity 9695K, committed 9788K, reserved 1048576K
}

Deoptimization events (10 events):
Event: 3764.740 Thread 0x000000001c4d5800 Uncommon trap: reason=class_check action=maybe_recompile pc=0x00000000053dd084 method=java.util.stream.Sink$ChainedReference.<init>(Ljava/util/stream/Sink;)V @ 9
Event: 3764.819 Thread 0x000000001c4dc800 Uncommon trap: reason=unstable_if action=reinterpret pc=0x0000000004eefee4 method=java.util.concurrent.locks.AbstractQueuedSynchronizer.unparkSuccessor(Ljava/util/concurrent/locks/AbstractQueuedSynchronizer$Node;)V @ 22
Event: 3764.838 Thread 0x000000001c4e0800 Uncommon trap: reason=unstable_if action=reinterpret pc=0x0000000003a51f6c method=java.util.concurrent.ConcurrentHashMap.transfer([Ljava/util/concurrent/ConcurrentHashMap$Node;[Ljava/util/concurrent/ConcurrentHashMap$Node;)V @ 277
Event: 3765.040 Thread 0x000000001c4de000 Uncommon trap: reason=unstable_if action=reinterpret pc=0x000000000512f928 method=java.util.concurrent.ArrayBlockingQueue.enqueue(Ljava/lang/Object;)V @ 25
Event: 3765.040 Thread 0x000000001b018000 Uncommon trap: reason=unstable_if action=reinterpret pc=0x00000000051369f8 method=java.util.concurrent.ArrayBlockingQueue.dequeue()Ljava/lang/Object; @ 32
Event: 3765.128 Thread 0x000000001fcda000 Uncommon trap: reason=unstable_if action=reinterpret pc=0x0000000004d6cac8 method=com.esotericsoftware.kryo.io.Output.writeBytes([BII)V @ 61
Event: 3765.206 Thread 0x000000001c4de800 Uncommon trap: reason=unstable_if action=reinterpret pc=0x000000000512d460 method=java.util.concurrent.ArrayBlockingQueue.enqueue(Ljava/lang/Object;)V @ 25
Event: 3765.206 Thread 0x000000001b01a000 Uncommon trap: reason=unstable_if action=reinterpret pc=0x0000000005128d24 method=java.util.concurrent.ArrayBlockingQueue.dequeue()Ljava/lang/Object; @ 32
Event: 3765.700 Thread 0x000000001c4db800 Uncommon trap: reason=unstable_if action=reinterpret pc=0x0000000005440c5c method=com.google.common.collect.AbstractMapEntry.equals(Ljava/lang/Object;)Z @ 25
Event: 3765.754 Thread 0x000000001c4db800 Uncommon trap: reason=unstable_if action=reinterpret pc=0x000000000516b0f8 method=com.google.common.collect.CompactHashMap.firstEntryIndex()I @ 4

Classes redefined (0 events):
No events

Internal exceptions (10 events):
Event: 3749.828 Thread 0x000000001fcde800 Exception <a 'java/lang/NoSuchMethodError': java.lang.Object.lambda$static$1(Ljava/util/Set;Ljava/util/Set;)Z> (0x00000000e5231778) thrown at [D:\src\AOSP-openjdk-cygwin\jdk8u\hotspot\src\share\vm\interpreter\linkResolver.cpp, line 620]
Event: 3749.828 Thread 0x000000001fcde800 Exception <a 'java/lang/NoSuchMethodError': java.lang.Object.lambda$static$2(Ljava/util/Set;Ljava/util/Set;)Z> (0x00000000e52342b8) thrown at [D:\src\AOSP-openjdk-cygwin\jdk8u\hotspot\src\share\vm\interpreter\linkResolver.cpp, line 620]
Event: 3749.829 Thread 0x000000001fcde800 Exception <a 'java/lang/NoSuchMethodError': java.lang.Object.lambda$static$3(Ljava/util/Set;Ljava/util/Set;)Z> (0x00000000e5236df8) thrown at [D:\src\AOSP-openjdk-cygwin\jdk8u\hotspot\src\share\vm\interpreter\linkResolver.cpp, line 620]
Event: 3749.830 Thread 0x000000001fcde800 Exception <a 'java/lang/NoSuchMethodError': java.lang.Object.lambda$static$4(Ljava/util/Set;Ljava/util/Set;)Z> (0x00000000e5239938) thrown at [D:\src\AOSP-openjdk-cygwin\jdk8u\hotspot\src\share\vm\interpreter\linkResolver.cpp, line 620]
Event: 3752.178 Thread 0x000000001fce7800 Implicit null exception at 0x0000000004a29224 to 0x0000000004a2b345
Event: 3752.178 Thread 0x000000001fcde800 Implicit null exception at 0x0000000004a29224 to 0x0000000004a2b345
Event: 3752.178 Thread 0x000000001fce7000 Implicit null exception at 0x0000000004a29224 to 0x0000000004a2b345
Event: 3756.887 Thread 0x000000001fcde800 Implicit null exception at 0x00000000050e2d3f to 0x00000000050e359d
Event: 3759.537 Thread 0x000000001c4de000 Exception <a 'java/lang/NoSuchMethodError': <clinit>> (0x00000000e9ef6bf8) thrown at [D:\src\AOSP-openjdk-cygwin\jdk8u\hotspot\src\share\vm\prims\jni.cpp, line 1614]
Event: 3764.819 Thread 0x000000001c4dc800 Implicit null exception at 0x0000000004eef42a to 0x0000000004eefecd

Events (10 events):
Event: 3765.748 loading class com/google/common/collect/Multimaps$Entries done
Event: 3765.750 loading class com/google/common/collect/AbstractMapBasedMultimap$2
Event: 3765.750 loading class com/google/common/collect/AbstractMapBasedMultimap$2 done
Event: 3765.751 loading class com/google/common/collect/AbstractMapBasedMultimap$Itr
Event: 3765.751 loading class com/google/common/collect/AbstractMapBasedMultimap$Itr done
Event: 3765.753 Thread 0x000000001c4db800 Uncommon trap: trap_request=0xffffff65 fr.pc=0x000000000516b0f8
Event: 3765.754 Thread 0x000000001c4db800 DEOPT PACKING pc=0x000000000516b0f8 sp=0x0000000027afcf80
Event: 3765.754 Thread 0x000000001c4db800 DEOPT UNPACKING pc=0x000000000360557b sp=0x0000000027afcd50 mode 2
Event: 3765.754 loading class com/google/common/collect/Iterators$EmptyModifiableIterator
Event: 3765.754 loading class com/google/common/collect/Iterators$EmptyModifiableIterator done


Dynamic libraries:
0x00007ff79e3d0000 - 0x00007ff79e401000 	E:\Program Files\Android\Android Studio\jre\bin\java.exe
0x00007ff86a640000 - 0x00007ff86a830000 	C:\WINDOWS\SYSTEM32\ntdll.dll
0x00007ff86a470000 - 0x00007ff86a522000 	C:\WINDOWS\System32\KERNEL32.DLL
0x00007ff867fd0000 - 0x00007ff868273000 	C:\WINDOWS\System32\KERNELBASE.dll
0x00007ff868cb0000 - 0x00007ff868d53000 	C:\WINDOWS\System32\ADVAPI32.dll
0x00007ff869020000 - 0x00007ff8690be000 	C:\WINDOWS\System32\msvcrt.dll
0x00007ff86a530000 - 0x00007ff86a5c7000 	C:\WINDOWS\System32\sechost.dll
0x00007ff86a200000 - 0x00007ff86a320000 	C:\WINDOWS\System32\RPCRT4.dll
0x00007ff868e80000 - 0x00007ff869014000 	C:\WINDOWS\System32\USER32.dll
0x00007ff868670000 - 0x00007ff868691000 	C:\WINDOWS\System32\win32u.dll
0x00007ff86a5d0000 - 0x00007ff86a5f6000 	C:\WINDOWS\System32\GDI32.dll
0x00007ff868380000 - 0x00007ff868514000 	C:\WINDOWS\System32\gdi32full.dll
0x00007ff867f30000 - 0x00007ff867fce000 	C:\WINDOWS\System32\msvcp_win.dll
0x00007ff868280000 - 0x00007ff86837a000 	C:\WINDOWS\System32\ucrtbase.dll
0x00007ff854c40000 - 0x00007ff854ec5000 	C:\WINDOWS\WinSxS\amd64_microsoft.windows.common-controls_6595b64144ccf1df_6.0.18362.418_none_e6c6b287130d565d\COMCTL32.dll
0x00007ff869d20000 - 0x00007ff86a056000 	C:\WINDOWS\System32\combase.dll
0x00007ff8675d0000 - 0x00007ff867650000 	C:\WINDOWS\System32\bcryptPrimitives.dll
0x00007ff86a070000 - 0x00007ff86a09e000 	C:\WINDOWS\System32\IMM32.DLL
0x0000000054ca0000 - 0x0000000054d72000 	E:\Program Files\Android\Android Studio\jre\jre\bin\msvcr100.dll
0x0000000054e60000 - 0x00000000556a6000 	E:\Program Files\Android\Android Studio\jre\jre\bin\server\jvm.dll
0x00007ff86a060000 - 0x00007ff86a068000 	C:\WINDOWS\System32\PSAPI.DLL
0x00007ff8656a0000 - 0x00007ff8656c4000 	C:\WINDOWS\SYSTEM32\WINMM.dll
0x00007ff85b8d0000 - 0x00007ff85b8da000 	C:\WINDOWS\SYSTEM32\VERSION.dll
0x00007ff84f340000 - 0x00007ff84f349000 	C:\WINDOWS\SYSTEM32\WSOCK32.dll
0x00007ff869c90000 - 0x00007ff869cff000 	C:\WINDOWS\System32\WS2_32.dll
0x00007ff864120000 - 0x00007ff86414d000 	C:\WINDOWS\SYSTEM32\WINMMBASE.dll
0x00007ff8686a0000 - 0x00007ff8686ea000 	C:\WINDOWS\System32\cfgmgr32.dll
0x00007ff863660000 - 0x00007ff86366f000 	E:\Program Files\Android\Android Studio\jre\jre\bin\verify.dll
0x00007ff847d80000 - 0x00007ff847da9000 	E:\Program Files\Android\Android Studio\jre\jre\bin\java.dll
0x00007ff861f90000 - 0x00007ff861fa6000 	E:\Program Files\Android\Android Studio\jre\jre\bin\zip.dll
0x00007ff8694c0000 - 0x00007ff869ba5000 	C:\WINDOWS\System32\SHELL32.dll
0x00007ff868dc0000 - 0x00007ff868e69000 	C:\WINDOWS\System32\shcore.dll
0x00007ff867650000 - 0x00007ff867dcf000 	C:\WINDOWS\System32\windows.storage.dll
0x00007ff8675b0000 - 0x00007ff8675cf000 	C:\WINDOWS\System32\profapi.dll
0x00007ff867520000 - 0x00007ff86756a000 	C:\WINDOWS\System32\powrprof.dll
0x00007ff867510000 - 0x00007ff867520000 	C:\WINDOWS\System32\UMPDC.dll
0x00007ff869c30000 - 0x00007ff869c82000 	C:\WINDOWS\System32\shlwapi.dll
0x00007ff867570000 - 0x00007ff867581000 	C:\WINDOWS\System32\kernel.appcore.dll
0x00007ff867ee0000 - 0x00007ff867ef7000 	C:\WINDOWS\System32\cryptsp.dll
0x00007ff861160000 - 0x00007ff86117a000 	E:\Program Files\Android\Android Studio\jre\jre\bin\net.dll
0x00007ff866d80000 - 0x00007ff866de7000 	C:\WINDOWS\system32\mswsock.dll
0x00007ff859bc0000 - 0x00007ff859bd1000 	E:\Program Files\Android\Android Studio\jre\jre\bin\nio.dll
0x00007ff831d10000 - 0x00007ff831d36000 	C:\Users\Prayogi21\.gradle\native\29\windows-amd64\native-platform.dll
0x00007ff863650000 - 0x00007ff86365d000 	E:\Program Files\Android\Android Studio\jre\jre\bin\management.dll
0x00007ff866890000 - 0x00007ff8668c3000 	C:\WINDOWS\system32\rsaenh.dll
0x00007ff867f00000 - 0x00007ff867f26000 	C:\WINDOWS\System32\bcrypt.dll
0x00007ff867430000 - 0x00007ff867455000 	C:\WINDOWS\SYSTEM32\USERENV.dll
0x00007ff866f50000 - 0x00007ff866f5c000 	C:\WINDOWS\SYSTEM32\CRYPTBASE.dll
0x00007ff866a90000 - 0x00007ff866aca000 	C:\WINDOWS\SYSTEM32\IPHLPAPI.DLL
0x00007ff869c20000 - 0x00007ff869c28000 	C:\WINDOWS\System32\NSI.dll
0x00007ff8611c0000 - 0x00007ff8611d6000 	C:\WINDOWS\SYSTEM32\dhcpcsvc6.DLL
0x00007ff8614f0000 - 0x00007ff86150c000 	C:\WINDOWS\SYSTEM32\dhcpcsvc.DLL
0x00007ff866ad0000 - 0x00007ff866b9a000 	C:\WINDOWS\SYSTEM32\DNSAPI.dll

VM Arguments:
jvm_args: -Xmx1536m -Dfile.encoding=windows-1252 -Duser.country=US -Duser.language=en -Duser.variant 
java_command: org.gradle.launcher.daemon.bootstrap.GradleDaemon 5.4.1
java_class_path (initial): C:\Users\Prayogi21\.gradle\wrapper\dists\gradle-5.4.1-all\3221gyojl5jsh0helicew7rwx\gradle-5.4.1\lib\gradle-launcher-5.4.1.jar
Launcher Type: SUN_STANDARD

Environment Variables:
PATH=C:\Program Files (x86)\Common Files\Intel\Shared Files\cpp\bin\Intel64;C:\Program Files (x86)\Intel\Intel(R) Management Engine Components\iCLS\;C:\Program Files\Intel\Intel(R) Management Engine Components\iCLS\;C:\Windows\system32;C:\Windows;C:\Windows\System32\Wbem;C:\Windows\System32\WindowsPowerShell\v1.0\;C:\Program Files (x86)\NVIDIA Corporation\PhysX\Common;C:\Program Files\Intel\WiFi\bin\;C:\Program Files\Common Files\Intel\WirelessCommon\;C:\Program Files (x86)\Intel\Intel(R) Management Engine Components\DAL;C:\Program Files\Intel\Intel(R) Management Engine Components\DAL;C:\Program Files (x86)\Intel\Intel(R) Management Engine Components\IPT;C:\Program Files\Intel\Intel(R) Management Engine Components\IPT;C:\Program Files\Microsoft VS Code\bin;C:\Program Files\mingw-w64\x86_64-8.1.0-posix-seh-rt_v6-rev0\mingw64\bin;C:\Program Files\Git\cmd;C:\WINDOWS\system32;C:\WINDOWS;C:\WINDOWS\System32\Wbem;C:\WINDOWS\System32\WindowsPowerShell\v1.0\;C:\WINDOWS\System32\OpenSSH\;C:\Program Files\NVIDIA Corporation\NVIDIA NvDLISR;C:\Users\Prayogi21\AppData\Local\Microsoft\WindowsApps;
USERNAME=Prayogi21
OS=Windows_NT
PROCESSOR_IDENTIFIER=Intel64 Family 6 Model 158 Stepping 10, GenuineIntel



---------------  S Y S T E M  ---------------

OS: Windows 10.0 , 64 bit Build 18362 (10.0.18362.329)

CPU:total 12 (initial active 12) (6 cores per cpu, 2 threads per core) family 6 model 158 stepping 10, cmov, cx8, fxsr, mmx, sse, sse2, sse3, ssse3, sse4.1, sse4.2, popcnt, avx, avx2, aes, clmul, erms, 3dnowpref, lzcnt, ht, tsc, tscinvbit, bmi1, bmi2, adx

Memory: 4k page, physical 8228032k(365684k free), swap 23687228k(5156k free)

vm_info: OpenJDK 64-Bit Server VM (25.202-b03) for windows-amd64 JRE (1.8.0_202-release-1483-b03), built by "builder" with MS VC++ 10.0 (VS2010)

time: Wed Nov 13 00:28:06 2019
timezone: SE Asia Standard Time
elapsed time: 3766 seconds (0d 1h 2m 46s)

